[debug] [2021-11-06T19:43:59.045Z] ----------------------------------------------------------------------
[debug] [2021-11-06T19:43:59.048Z] Command:       C:\Program Files\nodejs\node.exe C:\Users\nahid\AppData\Roaming\npm\node_modules\firebase-tools\lib\bin\firebase.js init
[debug] [2021-11-06T19:43:59.049Z] CLI Version:   9.22.0
[debug] [2021-11-06T19:43:59.049Z] Platform:      win32
[debug] [2021-11-06T19:43:59.049Z] Node Version:  v14.17.1
[debug] [2021-11-06T19:43:59.050Z] Time:          Sun Nov 07 2021 01:43:59 GMT+0600 (Bangladesh Standard Time)
[debug] [2021-11-06T19:43:59.050Z] ----------------------------------------------------------------------
[debug] 
[debug] [2021-11-06T19:43:59.060Z] > command requires scopes: ["email","openid","https://www.googleapis.com/auth/cloudplatformprojects.readonly","https://www.googleapis.com/auth/firebase","https://www.googleapis.com/auth/cloud-platform"]
[debug] [2021-11-06T19:43:59.061Z] > authorizing via signed-in user (nahidpavel81@gmail.com)
[info] 
     ######## #### ########  ######## ########     ###     ######  ########
     ##        ##  ##     ## ##       ##     ##  ##   ##  ##       ##
     ######    ##  ########  ######   ########  #########  ######  ######
     ##        ##  ##    ##  ##       ##     ## ##     ##       ## ##
     ##       #### ##     ## ######## ########  ##     ##  ######  ########

You're about to initialize a Firebase project in this directory:

  C:\Projects\React\Visa Service

Before we get started, keep in mind:

  * You are currently outside your home directory

